Updating 2f774ce..cd49761
Fast-forward
 .env                                               |     1 + 
 .github/workflows/main.yml                         |    35 +-
 .gitmodules                                        |     3 + 
 .vimrc                                             |    37 + 
 .vscode/settings.json                              |    18 + 
 @types/alltypes.d.ts                               |     1 + 
 README.md                                          |    40 +-
 android/app/build.gradle                           |     4 +-
 android/app/proguard-rules.pro                     |     3 + 
 android/app/src/main/AndroidManifest.xml           |    22 +-
 .../app/src/main/java/com/sobyte/MainActivity.java |     7 + 
 .../src/main/java/com/sobyte/MainApplication.java  |    16 +-
 .../src/main/java/com/sobyte/SplashActivity.java   |    19 + 
 .../src/main/res/drawable/background_splash.xml    |    18 + 
 .../res/drawable/linear_gradient_background.xml    |    18 + 
 android/app/src/main/res/layout/launch_screen.xml  |    32 +
 .../res/mipmap-xxxhdpi/ic_launcher_dark_logo.png   |   Bin 0 -> 57434 bytes    
 android/app/src/main/res/values/colors.xml         |     4 +
 android/app/src/main/res/values/strings.xml        |     2 +
 android/app/src/main/res/values/styles.xml         |     7 +
 android/settings.gradle                            |    22 +-
 app.data.details.ts                                |     2 +-
 app/MainApp.tsx                                    |    21 +-
 app/api/Music.ts                                   |   211 +
 app/api/MusicFetcher.tsx                           |   206 +-
 app/api/PlayerControls.tsx                         |   573 +-
 app/api/PlayerControlsCommons.ts                   |    97 +
 app/api/index.tsx                                  |   406 +-
 app/api/parsers.js                                 |    37 +-
 app/api/playerServices.js                          |     4 +-
 app/api/utils.js                                   |     3 +-
 app/assets/animations/animation.json               |   642 +
 app/assets/animations/like.json                    |   581 +
 app/assets/animations/like_flying.json             |  1815 ++
 app/assets/animations/like_popup.json              |   630 +
 app/assets/animations/logo_loading.gif             |   Bin 1732036 -> 0 bytes  
 app/assets/images/icons/thumb.png                  |   Bin 0 -> 238 bytes      
 app/assets/images/icons/track.png                  |   Bin 0 -> 245 bytes      
 app/backend/index.tsx                              |   229 +
 app/components/AnimatedHeader/index.tsx            |   168 +-
 app/components/Area/index.tsx                      |     9 +-
 app/components/AuthButton/index.tsx                |     4 +-
 app/components/Block/index.tsx                     |     3 +-
 app/components/BottomSheet/Backdrop.tsx            |    37 +
 app/components/BottomSheet/Handle.tsx              |   178 +
 app/components/BottomSheet/index.tsx               |   123 +-
 app/components/Caption/index.tsx                   |    50 +
 app/components/CardSong/index.tsx                  |     2 +-
 app/components/CommonArtistItem/index.tsx          |    81 +
 app/components/CommonArtistList/SelfShimmer.tsx    |    50 +
 app/components/CommonArtistList/index.tsx          |    44 +
 app/components/CommonSongItem/index.tsx            |   111 +
 app/components/CommonSongList/SelfShimmer.tsx      |    67 +
 app/components/CommonSongList/index.tsx            |    44 +
 app/components/DoubleTap/index.tsx                 |     8 +-
 app/components/FullScreenLoading/index.tsx         |     6 +-
 app/components/GradientBackground/index.tsx        |     5 +-
 app/components/GridArtistList/GridArtistItem.tsx   |    74 +
 app/components/GridArtistList/SelfShimmer.tsx      |   148 +
 app/components/GridArtistList/index.tsx            |   150 +
 app/components/GridSongList/GridSongItem.tsx       |    40 +-
 app/components/GridSongList/index.tsx              |    22 +-
 app/components/HeaderCollapsible/index.tsx         |    79 +-
 app/components/HeaderMain/index.tsx                |     5 +-
 app/components/HeaderProfile/index.tsx             |     2 +
 app/components/HeaderSearch/index.tsx              |    24 +-
 app/components/MusicPlayer/ProgressSlider.tsx      |    51 -
 app/components/MusicPlayer/TrackButtonControls.tsx |   127 +
 app/components/MusicPlayer/TrackProgress.tsx       |    58 +
 .../MusicPlayerSongView/BackgroundBluredImage.tsx  |    43 +
 app/components/MusicPlayerSongView/index.tsx       |   141 +
 app/components/Prompt/index.tsx                    |   151 +-
 app/components/SingleBlockArtists/index.tsx        |    65 +
 app/components/SingleBlockSongs/index.tsx          |    63 +
 app/components/SobyteAlert/index.tsx               |    43 +-
 app/components/TopicTitle/index.tsx                |    28 +
 app/components/index.ts                            |    42 +-
 app/constants/apiCodes.ts                          |    70 +
 app/constants/components.tsx                       |    22 +
 app/constants/endPoints.ts                         |    13 +
 app/constants/{fakemails.ts => fakeMails.ts}       |    10 +
 app/constants/index.js                             |   144 +-
 app/constants/limits.js                            |    18 +
 app/constants/queries.ts                           |   127 +
 app/context/Settings.tsx                           |    31 +-
 app/context/index.ts                               |    35 +-
 app/controller/AppInside.tsx                       |   172 -
 app/controller/AppInsideNavigation.tsx             |   281 +
 app/controller/AppLaunchingNavigation.tsx          |   277 +
 app/controller/AppStartingPoint.tsx                |    63 +-
 app/controller/ExploreStack/index.tsx              |    42 +-
 app/i18n/bn.json                                   |    67 +
 app/i18n/en.json                                   |    36 +-
 app/i18n/hi.json                                   |    53 +-
 app/i18n/index.js                                  |    19 +-
 app/interfaces/ArtistObject.ts                     |    13 +
 app/interfaces/Data.ts                             |    38 +-
 app/interfaces/Modals.ts                           |    86 +
 app/interfaces/SongObject.ts                       |    39 +
 app/interfaces/index.ts                            |    41 +-
 app/others/logo_animation_ae/logo animation.aep    |   Bin 0 -> 96222 bytes    
 app/rules/index.ts                                 |    37 +
 app/screens/authentication/Intro.tsx               |     9 +-
 app/screens/authentication/Login.tsx               |   139 +-
 app/screens/authentication/Register.tsx            |    26 -
 app/screens/main/Explore/Explore.tsx               |   322 +-
 app/screens/main/Explore/SearchResult.tsx          |   298 +-
 app/screens/main/Explore/SongCategory.tsx          |   120 +-
 app/screens/main/MusicPlayer.tsx                   |   402 +-
 app/screens/main/Profile/Profile.tsx               |     5 +-
 app/screens/main/Profile/Setting.tsx               |   160 +-
 app/screens/main/common/ArtistDetail.tsx           |    97 +
 app/screens/main/common/ExtraSongs.tsx             |   107 +
 app/styles/global.styles.ts                        |   159 +-
 app/themes/DarkTheme.ts                            |    96 +-
 app/themes/ThemeProps.ts                           |   249 +-
 app/themes/ThemeProvider.tsx                       |   103 +-
 app/themes/Themes.ts                               |    10 +
 app/utils/Colors.ts                                |    57 +-
 app/utils/Objects.ts                               |    89 +-
 app/utils/index.ts                                 |    57 +-
 init.vim                                           |    37 +
 ios/Podfile                                        |     6 +
 package-lock.json                                  | 20935 +++++++++++++++++++ 
 package.json                                       |    15 +-
 sobyte.session.sql                                 |     2 +
 test.rest                                          |    44 +
 yarn.lock                                          |   700 +-
 128 files changed, 32391 insertions(+), 1699 deletions(-)
 create mode 100644 .env
 create mode 100644 .gitmodules
 create mode 100644 .vimrc
 create mode 100644 .vscode/settings.json
 create mode 100644 android/app/src/main/java/com/sobyte/SplashActivity.java    
 create mode 100644 android/app/src/main/res/drawable/background_splash.xml     
 create mode 100644 android/app/src/main/res/drawable/linear_gradient_background.xml
 create mode 100644 android/app/src/main/res/layout/launch_screen.xml
 create mode 100644 android/app/src/main/res/mipmap-xxxhdpi/ic_launcher_dark_logo.png
 create mode 100644 android/app/src/main/res/values/colors.xml
 create mode 100644 app/api/Music.ts
 create mode 100644 app/api/PlayerControlsCommons.ts
 create mode 100755 app/assets/animations/animation.json
 create mode 100644 app/assets/animations/like.json
 create mode 100644 app/assets/animations/like_flying.json
 create mode 100644 app/assets/animations/like_popup.json
 delete mode 100755 app/assets/animations/logo_loading.gif
 create mode 100644 app/assets/images/icons/thumb.png
 create mode 100644 app/assets/images/icons/track.png
 create mode 100644 app/backend/index.tsx
 create mode 100644 app/components/BottomSheet/Backdrop.tsx
 create mode 100644 app/components/BottomSheet/Handle.tsx
 create mode 100644 app/components/Caption/index.tsx
 create mode 100644 app/components/CommonArtistItem/index.tsx
 create mode 100644 app/components/CommonArtistList/SelfShimmer.tsx
 create mode 100644 app/components/CommonArtistList/index.tsx
 create mode 100644 app/components/CommonSongItem/index.tsx
 create mode 100644 app/components/CommonSongList/SelfShimmer.tsx
 create mode 100644 app/components/CommonSongList/index.tsx
 create mode 100644 app/components/GridArtistList/GridArtistItem.tsx
 create mode 100644 app/components/GridArtistList/SelfShimmer.tsx
 create mode 100644 app/components/GridArtistList/index.tsx
 delete mode 100644 app/components/MusicPlayer/ProgressSlider.tsx
 create mode 100644 app/components/MusicPlayer/TrackButtonControls.tsx
 create mode 100644 app/components/MusicPlayer/TrackProgress.tsx
 create mode 100644 app/components/MusicPlayerSongView/BackgroundBluredImage.tsx
 create mode 100644 app/components/MusicPlayerSongView/index.tsx
 create mode 100644 app/components/SingleBlockArtists/index.tsx
 create mode 100644 app/components/SingleBlockSongs/index.tsx
 create mode 100644 app/components/TopicTitle/index.tsx
 create mode 100644 app/constants/apiCodes.ts
 create mode 100644 app/constants/components.tsx
 create mode 100644 app/constants/endPoints.ts
 rename app/constants/{fakemails.ts => fakeMails.ts} (98%)
 create mode 100644 app/constants/limits.js
 create mode 100644 app/constants/queries.ts
 delete mode 100644 app/controller/AppInside.tsx
 create mode 100644 app/controller/AppInsideNavigation.tsx
 create mode 100644 app/controller/AppLaunchingNavigation.tsx
 create mode 100644 app/i18n/bn.json
 create mode 100755 app/others/logo_animation_ae/logo animation.aep
 create mode 100644 app/screens/main/common/ArtistDetail.tsx
 create mode 100644 app/screens/main/common/ExtraSongs.tsx
 create mode 100644 init.vim
 create mode 100644 package-lock.json
 create mode 100644 sobyte.session.sql
 create mode 100644 test.rest